[INFO  Tue Jun  3 09:47:22 2025] ...zy/mason.nvim/lua/mason-core/installer/InstallRunner.lua:40: Executing installer for Package(name=lua-language-server) {
  debug = false,
  force = false,
  strict = false
}
[INFO  Tue Jun  3 09:47:22 2025] ...zy/mason.nvim/lua/mason-core/installer/InstallRunner.lua:40: Executing installer for Package(name=stylua) {
  debug = false,
  force = false,
  strict = false
}
[ERROR Tue Jun  3 09:47:30 2025] ...al/share/nvim/lazy/mason.nvim/lua/mason-core/process.lua:225: Failed to spawn process. cmd="unzip", err="ENOENT: no such file or directory"
[ERROR Tue Jun  3 09:47:30 2025] ...zy/mason.nvim/lua/mason-core/installer/InstallRunner.lua:93: Installation failed for Package(name=stylua) error=spawn: unzip failed with exit code - and signal -. Could not find executable "unzip" in PATH.

[ERROR Tue Jun  3 09:47:38 2025] ...zy/mason.nvim/lua/mason-core/installer/compiler/init.lua:185: Failed to download schemas Package(name=lua-language-server) Schema download timed out.
[INFO  Tue Jun  3 09:47:38 2025] ...zy/mason.nvim/lua/mason-core/installer/InstallRunner.lua:86: Installation succeeded for Package(name=lua-language-server)
[INFO  Tue Jun  3 10:05:50 2025] ...zy/mason.nvim/lua/mason-core/installer/InstallRunner.lua:40: Executing installer for Package(name=stylua) {
  debug = false,
  force = false,
  strict = false
}
[ERROR Tue Jun  3 10:05:54 2025] ...zy/mason.nvim/lua/mason-core/installer/InstallRunner.lua:93: Installation failed for Package(name=stylua) error="Installation was aborted."
[INFO  Tue Jun  3 10:06:05 2025] ...zy/mason.nvim/lua/mason-core/installer/InstallRunner.lua:40: Executing installer for Package(name=stylua) {
  debug = false,
  force = false,
  strict = false
}
[INFO  Tue Jun  3 10:06:18 2025] ...zy/mason.nvim/lua/mason-core/installer/InstallRunner.lua:86: Installation succeeded for Package(name=stylua)
[INFO  Tue Jun  3 10:27:47 2025] ...zy/mason.nvim/lua/mason-core/installer/InstallRunner.lua:40: Executing installer for Package(name=html-lsp) {
  debug = false,
  force = false,
  strict = false
}
[ERROR Tue Jun  3 10:27:48 2025] ...zy/mason.nvim/lua/mason-core/installer/InstallRunner.lua:93: Installation failed for Package(name=html-lsp) error=spawn: npm failed with exit code 2 and signal 0. /home/jean/.local/state/fnm_multishells/6391_1748959382680/bin/node: 1: Syntax error: ")" unexpected

[INFO  Tue Jun  3 10:45:12 2025] ...zy/mason.nvim/lua/mason-core/installer/InstallRunner.lua:40: Executing installer for Package(name=html-lsp) {
  debug = false,
  force = false,
  strict = false
}
[ERROR Tue Jun  3 10:46:56 2025] ...zy/mason.nvim/lua/mason-core/installer/compiler/init.lua:185: Failed to download schemas Package(name=html-lsp) Schema download timed out.
[INFO  Tue Jun  3 10:46:56 2025] ...zy/mason.nvim/lua/mason-core/installer/InstallRunner.lua:86: Installation succeeded for Package(name=html-lsp)
[INFO  Tue Jun  3 10:48:58 2025] ...zy/mason.nvim/lua/mason-core/installer/InstallRunner.lua:40: Executing installer for Package(name=htmlbeautifier) {
  debug = false,
  force = false,
  strict = false
}
[ERROR Tue Jun  3 10:48:58 2025] ...al/share/nvim/lazy/mason.nvim/lua/mason-core/process.lua:225: Failed to spawn process. cmd="gem", err="ENOENT: no such file or directory"
[ERROR Tue Jun  3 10:48:58 2025] ...zy/mason.nvim/lua/mason-core/installer/InstallRunner.lua:93: Installation failed for Package(name=htmlbeautifier) error=spawn: gem failed with exit code - and signal -. Could not find executable "gem" in PATH.

[ERROR Tue Jun  3 10:49:11 2025] ...l/share/nvim/lazy/mason.nvim/lua/mason-registry/init.lua:31: Cannot find package "\"emme\"".
[INFO  Tue Jun  3 10:49:25 2025] ...zy/mason.nvim/lua/mason-core/installer/InstallRunner.lua:40: Executing installer for Package(name=emmet-language-server) {
  debug = false,
  force = false,
  strict = false
}
[INFO  Tue Jun  3 10:49:36 2025] ...zy/mason.nvim/lua/mason-core/installer/InstallRunner.lua:40: Executing installer for Package(name=emmet-ls) {
  debug = false,
  force = false,
  strict = false
}
[INFO  Tue Jun  3 10:49:54 2025] ...zy/mason.nvim/lua/mason-core/installer/InstallRunner.lua:86: Installation succeeded for Package(name=emmet-language-server)
[INFO  Tue Jun  3 10:50:13 2025] ...zy/mason.nvim/lua/mason-core/installer/InstallRunner.lua:86: Installation succeeded for Package(name=emmet-ls)
